<?xml version="1.0" encoding="UTF-8"?>
<!-- Generated by org.testng.reporters.JUnitReportReporter -->
<testsuite skipped="0" hostname="DESKTOP-SF5U4RI" name="com.project.SuiteA.TC00_1" tests="1" failures="0" timestamp="04 Feb 2020 06:45:15 GMT" time="0.104" errors="0">
  <testcase name="amazone" time="0.104" classname="com.project.SuiteA.TC00_1"/>
</testsuite> <!-- com.project.SuiteA.TC00_1 -->
