<?xml version="1.0" encoding="UTF-8"?>
<!-- Generated by org.testng.reporters.JUnitReportReporter -->
<testsuite skipped="0" hostname="DESKTOP-SF5U4RI" name="com.project.SuiteA.TestA" tests="2" failures="0" timestamp="27 Jan 2020 06:58:48 GMT" time="0.013" errors="0">
  <testcase name="f" time="0.002" classname="com.project.SuiteA.TestA"/>
  <testcase name="f" time="0.011" classname="com.project.SuiteA.TestA"/>
</testsuite> <!-- com.project.SuiteA.TestA -->
